Arguments: 
  C:\Program Files\nodejs\node.exe C:\Users\Administrator\AppData\Roaming\npm\node_modules\yarn\bin\yarn.js add @/src/api --silent --no-progress

PATH: 
  C:\Program Files\nodejs\node_modules\npm\node_modules\npm-lifecycle\node-gyp-bin;D:\project\mobilexcx\node_modules\.bin;C:\Program Files (x86)\Common Files\Oracle\Java\javapath;C:\windows\system32;C:\windows;C:\windows\System32\Wbem;C:\windows\System32\WindowsPowerShell\v1.0\;C:\Program Files\TortoiseSVN\bin;C:\Program Files\nodejs\;C:\Program Files (x86)\NVIDIA Corporation\PhysX\Common;C:\Program Files\Git\cmd;C:\Users\Administrator\AppData\Local\Microsoft\WindowsApps;C:\Users\Administrator\AppData\Roaming\npm;C:\Users\Administrator\AppData\Local\Programs\Microsoft VS Code\bin

Yarn version: 
  1.16.0

Node version: 
  10.16.0

Platform: 
  win32 x64

Trace: 
  Error: https://registry.npm.taobao.org/@%2fsrc/api: Not found
      at Request.params.callback [as _callback] (C:\Users\Administrator\AppData\Roaming\npm\node_modules\yarn\lib\cli.js:66091:18)
      at Request.self.callback (C:\Users\Administrator\AppData\Roaming\npm\node_modules\yarn\lib\cli.js:129590:22)
      at Request.emit (events.js:198:13)
      at Request.<anonymous> (C:\Users\Administrator\AppData\Roaming\npm\node_modules\yarn\lib\cli.js:130562:10)
      at Request.emit (events.js:198:13)
      at IncomingMessage.<anonymous> (C:\Users\Administrator\AppData\Roaming\npm\node_modules\yarn\lib\cli.js:130484:12)
      at Object.onceWrapper (events.js:286:20)
      at IncomingMessage.emit (events.js:203:15)
      at endReadableNT (_stream_readable.js:1129:12)
      at process._tickCallback (internal/process/next_tick.js:63:19)

npm manifest: 
  {
  	"name": "mobile",
  	"version": "1.0.0",
  	"private": true,
  	"description": "this is mobile project",
  	"scripts": {
  		"build:weapp": "taro build --type weapp",
  		"build:swan": "taro build --type swan",
  		"build:alipay": "taro build --type alipay",
  		"build:tt": "taro build --type tt",
  		"build:h5": "taro build --type h5",
  		"build:rn": "taro build --type rn",
  		"dev:weapp": "npm run build:weapp -- --watch",
  		"dev:swan": "npm run build:swan -- --watch",
  		"dev:alipay": "npm run build:alipay -- --watch",
  		"dev:tt": "npm run build:tt -- --watch",
  		"dev:h5": "npm run build:h5 -- --watch",
  		"dev:rn": "npm run build:rn -- --watch"
  	},
  	"author": "",
  	"license": "MIT",
  	"dependencies": {
  		"@tarojs/components": "1.3.4",
  		"@tarojs/router": "1.3.4",
  		"@tarojs/taro": "1.3.4",
  		"@tarojs/taro-alipay": "1.3.4",
  		"@tarojs/taro-h5": "1.3.4",
  		"@tarojs/taro-swan": "1.3.4",
  		"@tarojs/taro-tt": "1.3.4",
  		"@tarojs/taro-weapp": "1.3.4",
  		"nerv-devtools": "^1.3.9",
  		"nervjs": "^1.3.9",
  		"taro-ui": "^2.2.1"
  	},
  	"devDependencies": {
  		"@types/react": "^16.4.6",
  		"@types/webpack-env": "^1.13.6",
  		"@tarojs/plugin-babel": "1.3.4",
  		"@tarojs/plugin-csso": "1.3.4",
  		"@tarojs/plugin-sass": "1.3.4",
  		"@tarojs/plugin-uglifyjs": "1.3.4",
  		"@tarojs/webpack-runner": "1.3.4",
  		"babel-plugin-transform-class-properties": "^6.24.1",
  		"babel-plugin-transform-decorators-legacy": "^1.3.4",
  		"babel-plugin-transform-jsx-stylesheet": "^0.6.5",
  		"babel-plugin-transform-object-rest-spread": "^6.26.0",
  		"babel-preset-env": "^1.6.1",
  		"babel-eslint": "^8.2.3",
  		"eslint": "^4.19.1",
  		"eslint-config-taro": "1.3.4",
  		"eslint-plugin-react": "^7.8.2",
  		"eslint-plugin-import": "^2.12.0",
  		"eslint-plugin-taro": "1.3.4",
  		"eslint-plugin-typescript": "^0.12.0",
  		"typescript": "^3.0.1"
  	}
  }

yarn manifest: 
  No manifest

Lockfile: 
  No lockfile
